Arguments: 
  /Users/marklin/.nvm/versions/node/v10.19.0/bin/node /Users/marklin/.node/corepack/yarn/1.22.15/bin/yarn.js init

PATH: 
  /Users/marklin/.nvm/versions/node/v10.19.0/bin:/Library/Frameworks/Python.framework/Versions/3.10/bin:/usr/local/bin:/usr/bin:/bin:/usr/sbin:/sbin:/Users/marklin/.nvm/versions/node/v10.19.0/bin:/Library/Frameworks/Python.framework/Versions/3.10/bin

Yarn version: 
  1.22.15

Node version: 
  10.19.0

Platform: 
  darwin x64

Trace: 
  Error: canceled
      at Interface.<anonymous> (/Users/marklin/.node/corepack/yarn/1.22.15/lib/cli.js:137145:13)
      at Interface.emit (events.js:198:13)
      at Interface._ttyWrite (readline.js:801:16)
      at ReadStream.onkeypress (readline.js:184:10)
      at ReadStream.emit (events.js:198:13)
      at emitKeys (internal/readline.js:424:14)
      at emitKeys.next (<anonymous>)
      at ReadStream.onData (readline.js:1073:36)
      at ReadStream.emit (events.js:198:13)
      at addChunk (_stream_readable.js:288:12)

npm manifest: 
  No manifest

yarn manifest: 
  No manifest

Lockfile: 
  No lockfile
